2022.07.15 01:09:54 INFO  tracing is disabled for protocol LSP, to enable tracing of incoming and outgoing JSON messages create an empty file at c:\Users\DELL\Desktop\scala2\tutorial3\.metals\lsp.trace.json or C:\Users\DELL\AppData\Local\scalameta\metals\cache\lsp.trace.json
2022.07.15 01:09:56 INFO  logging to file C:\Users\DELL\Desktop\scala2\tutorial3\.metals\metals.log
2022.07.15 01:09:56 INFO  Started: Metals version 0.11.7 in workspace 'C:\Users\DELL\Desktop\scala2\tutorial3' for client Visual Studio Code 1.65.2.
2022.07.15 01:09:57 INFO  time: initialize in 1.73s
2022.07.15 01:09:57 WARN  Flyway upgrade recommended: H2 2.1.214 is newer than this version of Flyway and support has not been tested. The latest supported version of H2 is 2.1.210.
2022.07.15 01:09:57 WARN  Build server is not auto-connectable.
2022.07.15 01:09:57 WARN  no build tool detected in workspace 'C:\Users\DELL\Desktop\scala2\tutorial3'. The most common cause for this problem is that the editor was opened in the wrong working directory, for example if you use sbt then the workspace directory should contain build.sbt. 
2022.07.15 01:09:59 WARN  no build target for: C:\Users\DELL\Desktop\scala2\tutorial3\Q1.scala
2022.07.15 01:10:01 INFO  no build target found for C:\Users\DELL\Desktop\scala2\tutorial3\Q1.scala. Using presentation compiler with project's scala-library version: 3.1.3
2022.07.15 01:10:02 WARN  no build target for: C:\Users\DELL\Desktop\scala2\tutorial3\Q2.scala
2022.07.15 01:10:03 INFO  time: code lens generation in 3.46s
2022.07.15 01:10:03 INFO  time: code lens generation in 3.46s
2022.07.15 01:10:19 WARN  no build target for: C:\Users\DELL\Desktop\scala2\tutorial3\Q2.scala
2022.07.15 01:10:41 WARN  no build target for: C:\Users\DELL\Desktop\scala2\tutorial3\Q1.scala
2022.07.15 01:10:53 WARN  no build target for: C:\Users\DELL\Desktop\scala2\tutorial3\Q2.scala
2022.07.15 01:11:03 WARN  no build target for: C:\Users\DELL\Desktop\scala2\tutorial3\Q2.scala
2022.07.15 01:11:07 WARN  no build target for: C:\Users\DELL\Desktop\scala2\tutorial3\Q4.scala
2022.07.15 01:11:07 WARN  no build target for: C:\Users\DELL\Desktop\scala2\tutorial3\Q3.scala
2022.07.15 01:11:25 WARN  no build target for: C:\Users\DELL\Desktop\scala2\tutorial3\Q3.scala
2022.07.15 01:11:31 WARN  no build target for: C:\Users\DELL\Desktop\scala2\tutorial3\Q4.scala
2022.07.15 01:11:54 WARN  no build target for: C:\Users\DELL\Desktop\scala2\tutorial3\Q4.scala
2022.07.15 01:12:01 WARN  no build target for: C:\Users\DELL\Desktop\scala2\tutorial3\Q5.scala
2022.07.15 01:12:40 WARN  no build target for: C:\Users\DELL\Desktop\scala2\tutorial3\Q2.scala
2022.07.15 01:12:48 WARN  no build target for: C:\Users\DELL\Desktop\scala2\tutorial3\Q2.scala
2022.07.15 01:53:58 WARN  no build target for: C:\Users\DELL\Desktop\scala2\tutorial3\Q3.scala
2022.07.15 01:54:21 WARN  no build target for: C:\Users\DELL\Desktop\scala2\tutorial3\Q3.scala
2022.07.15 01:54:44 WARN  no build target for: C:\Users\DELL\Desktop\scala2\tutorial3\Q3.scala
2022.07.15 01:55:04 WARN  no build target for: C:\Users\DELL\Desktop\scala2\tutorial3\Q3.scala
2022.07.15 01:55:19 WARN  no build target for: C:\Users\DELL\Desktop\scala2\tutorial3\Q3.scala
2022.07.15 01:55:34 WARN  no build target for: C:\Users\DELL\Desktop\scala2\tutorial3\Q3.scala
2022.07.15 01:55:40 WARN  no build target for: C:\Users\DELL\Desktop\scala2\tutorial3\Q3.scala
2022.07.15 01:58:50 WARN  no build target for: C:\Users\DELL\Desktop\scala2\tutorial3\Q1.scala
2022.07.15 01:59:25 WARN  no build target for: C:\Users\DELL\Desktop\scala2\tutorial3\Q1.scala
2022.07.15 01:59:35 WARN  no build target for: C:\Users\DELL\Desktop\scala2\tutorial3\Q1.scala
2022.07.15 01:59:54 WARN  no build target for: C:\Users\DELL\Desktop\scala2\tutorial3\Q1.scala
2022.07.15 02:00:15 WARN  no build target for: C:\Users\DELL\Desktop\scala2\tutorial3\Q1.scala
2022.07.15 02:00:25 WARN  no build target for: C:\Users\DELL\Desktop\scala2\tutorial3\Q1.scala
2022.07.15 02:01:31 WARN  no build target for: C:\Users\DELL\Desktop\scala2\tutorial3\Q5.scala
2022.07.15 02:06:33 INFO  shutting down Metals
